#
# There is insufficient memory for the Java Runtime Environment to continue.
# Native memory allocation (malloc) failed to allocate 747136 bytes for Chunk::new
# Possible reasons:
#   The system is out of physical RAM or swap space
#   In 32 bit mode, the process size limit was hit
# Possible solutions:
#   Reduce memory load on the system
#   Increase physical memory or swap space
#   Check if swap backing store is full
#   Use 64 bit Java on a 64 bit OS
#   Decrease Java heap size (-Xmx/-Xms)
#   Decrease number of Java threads
#   Decrease Java thread stack sizes (-Xss)
#   Set larger code cache with -XX:ReservedCodeCacheSize=
# This output file may be truncated or incomplete.
#
#  Out of Memory Error (allocation.cpp:390), pid=12988, tid=0x0000000000002b2c
#
# JRE version: Java(TM) SE Runtime Environment (8.0_121-b13) (build 1.8.0_121-b13)
# Java VM: Java HotSpot(TM) 64-Bit Server VM (25.121-b13 mixed mode windows-amd64 compressed oops)
# Failed to write core dump. Minidumps are not enabled by default on client versions of Windows
#

---------------  T H R E A D  ---------------

Current thread (0x00000000175af800):  JavaThread "C2 CompilerThread1" daemon [_thread_in_native, id=11052, stack(0x0000000017ea0000,0x0000000017fa0000)]

Stack: [0x0000000017ea0000,0x0000000017fa0000]
[error occurred during error reporting (printing stack bounds), id 0xc0000005]

Native frames: (J=compiled Java code, j=interpreted, Vv=VM code, C=native code)


Current CompileTask:
C2:   3024 2020       4       com.android.dx.ssa.back.LivenessAnalyzer::run (231 bytes)


---------------  P R O C E S S  ---------------

Java Threads: ( => current thread )
  0x00000000178ac000 JavaThread "pool-2-thread-1" [_thread_blocked, id=12044, stack(0x0000000018df0000,0x0000000018ef0000)]
  0x00000000178ab800 JavaThread "pool-1-thread-1" [_thread_in_Java, id=6876, stack(0x0000000018cf0000,0x0000000018df0000)]
  0x0000000017641000 JavaThread "Service Thread" daemon [_thread_blocked, id=6508, stack(0x00000000181a0000,0x00000000182a0000)]
  0x00000000175c2800 JavaThread "C1 CompilerThread3" daemon [_thread_in_native, id=12256, stack(0x00000000180a0000,0x00000000181a0000)]
  0x00000000175b2000 JavaThread "C2 CompilerThread2" daemon [_thread_in_native, id=5456, stack(0x0000000017fa0000,0x00000000180a0000)]
=>0x00000000175af800 JavaThread "C2 CompilerThread1" daemon [_thread_in_native, id=11052, stack(0x0000000017ea0000,0x0000000017fa0000)]
  0x00000000175ac800 JavaThread "C2 CompilerThread0" daemon [_thread_in_native, id=13632, stack(0x0000000017da0000,0x0000000017ea0000)]
  0x00000000175a7000 JavaThread "Attach Listener" daemon [_thread_blocked, id=3236, stack(0x0000000017ca0000,0x0000000017da0000)]
  0x00000000175a6000 JavaThread "Signal Dispatcher" daemon [_thread_blocked, id=5040, stack(0x0000000017ba0000,0x0000000017ca0000)]
  0x0000000002b49800 JavaThread "Finalizer" daemon [_thread_blocked, id=7964, stack(0x0000000017980000,0x0000000017a80000)]
  0x0000000002b48000 JavaThread "Reference Handler" daemon [_thread_blocked, id=10632, stack(0x0000000017480000,0x0000000017580000)]
  0x000000000118e000 JavaThread "main" [_thread_in_Java, id=10076, stack(0x0000000002950000,0x0000000002a50000)]

Other Threads:
  0x0000000015699800 VMThread [stack: 0x0000000017380000,0x0000000017480000] [id=12040]
  0x0000000017667800 WatcherThread [stack: 0x00000000183f0000,0x00000000184f0000] [id=10476]

VM state:not at safepoint (normal execution)

VM Mutex/Monitor currently owned by a thread: None

Heap:
 PSYoungGen      total 71680K, used 51136K [0x00000000eab00000, 0x00000000ef600000, 0x0000000100000000)
  eden space 66560K, 69% used [0x00000000eab00000,0x00000000ed7f3d60,0x00000000eec00000)
  from space 5120K, 99% used [0x00000000eec00000,0x00000000ef0fc340,0x00000000ef100000)
  to   space 5120K, 0% used [0x00000000ef100000,0x00000000ef100000,0x00000000ef600000)
 ParOldGen       total 87552K, used 61117K [0x00000000c0000000, 0x00000000c5580000, 0x00000000eab00000)
  object space 87552K, 69% used [0x00000000c0000000,0x00000000c3baf4d0,0x00000000c5580000)
 Metaspace       used 6567K, capacity 7224K, committed 7424K, reserved 1056768K
  class space    used 638K, capacity 688K, committed 768K, reserved 1048576K

Card table byte_map: [0x0000000011f20000,0x0000000012130000] byte_map_base: 0x0000000011920000

Marking Bits: (ParMarkBitMap*) 0x0000000061e5b6d0
 Begin Bits: [0x0000000012a90000, 0x0000000013a90000)
 End Bits:   [0x0000000013a90000, 0x0000000014a90000)

Polling page: 0x0000000001170000

CodeCache: size=245760Kb used=8022Kb max_used=8022Kb free=237737Kb
 bounds [0x0000000002b60000, 0x0000000003340000, 0x0000000011b60000]
 total_blobs=2241 nmethods=1970 adapters=183
 compilation: enabled

Compilation events (10 events):
Event: 3.018 Thread 0x00000000175c2800 nmethod 2054 0x00000000033363d0 code [0x0000000003336540, 0x0000000003336748]
Event: 3.018 Thread 0x00000000175c2800 2080       2       com.android.dx.ssa.SsaBasicBlock::forEachInsn (37 bytes)
Event: 3.019 Thread 0x00000000175c2800 nmethod 2080 0x0000000003335b90 code [0x0000000003335d20, 0x0000000003336068]
Event: 3.019 Thread 0x00000000175c2800 2079       2       com.android.dx.ssa.NormalSsaInsn::accept (25 bytes)
Event: 3.019 Thread 0x00000000175c2800 nmethod 2079 0x0000000003335710 code [0x0000000003335880, 0x0000000003335a78]
Event: 3.019 Thread 0x00000000175c2800 2067       2       com.android.dx.ssa.SsaRenamer$BlockRenamer::visitNonMoveInsn (14 bytes)
Event: 3.020 Thread 0x00000000175c2800 nmethod 2067 0x0000000003339e90 code [0x000000000333a000, 0x000000000333a1b8]
Event: 3.020 Thread 0x00000000175c2800 2077       2       com.android.dx.ssa.DeadCodeRemover::hasSideEffect (11 bytes)
Event: 3.020 Thread 0x00000000175c2800 nmethod 2077 0x0000000003335350 code [0x00000000033354c0, 0x0000000003335628]
Event: 3.020 Thread 0x00000000175c2800 2072       2       com.android.dx.ssa.LiteralOpUpgrader$1::visitNonMoveInsn (203 bytes)

GC Heap History (10 events):
Event: 1.367 GC heap before
{Heap before GC invocations=3 (full 0):
 PSYoungGen      total 38400K, used 38378K [0x00000000eab00000, 0x00000000ef600000, 0x0000000100000000)
  eden space 33280K, 100% used [0x00000000eab00000,0x00000000ecb80000,0x00000000ecb80000)
  from space 5120K, 99% used [0x00000000ed080000,0x00000000ed57aab0,0x00000000ed580000)
  to   space 5120K, 0% used [0x00000000ecb80000,0x00000000ecb80000,0x00000000ed080000)
 ParOldGen       total 87552K, used 6139K [0x00000000c0000000, 0x00000000c5580000, 0x00000000eab00000)
  object space 87552K, 7% used [0x00000000c0000000,0x00000000c05fec38,0x00000000c5580000)
 Metaspace       used 6230K, capacity 7064K, committed 7424K, reserved 1056768K
  class space    used 607K, capacity 656K, committed 768K, reserved 1048576K
Event: 1.382 GC heap after
Heap after GC invocations=3 (full 0):
 PSYoungGen      total 38400K, used 5115K [0x00000000eab00000, 0x00000000ef600000, 0x0000000100000000)
  eden space 33280K, 0% used [0x00000000eab00000,0x00000000eab00000,0x00000000ecb80000)
  from space 5120K, 99% used [0x00000000ecb80000,0x00000000ed07edc8,0x00000000ed080000)
  to   space 5120K, 0% used [0x00000000ef100000,0x00000000ef100000,0x00000000ef600000)
 ParOldGen       total 87552K, used 11596K [0x00000000c0000000, 0x00000000c5580000, 0x00000000eab00000)
  object space 87552K, 13% used [0x00000000c0000000,0x00000000c0b53180,0x00000000c5580000)
 Metaspace       used 6230K, capacity 7064K, committed 7424K, reserved 1056768K
  class space    used 607K, capacity 656K, committed 768K, reserved 1048576K
}
Event: 1.598 GC heap before
{Heap before GC invocations=4 (full 0):
 PSYoungGen      total 38400K, used 38395K [0x00000000eab00000, 0x00000000ef600000, 0x0000000100000000)
  eden space 33280K, 100% used [0x00000000eab00000,0x00000000ecb80000,0x00000000ecb80000)
  from space 5120K, 99% used [0x00000000ecb80000,0x00000000ed07edc8,0x00000000ed080000)
  to   space 5120K, 0% used [0x00000000ef100000,0x00000000ef100000,0x00000000ef600000)
 ParOldGen       total 87552K, used 11596K [0x00000000c0000000, 0x00000000c5580000, 0x00000000eab00000)
  object space 87552K, 13% used [0x00000000c0000000,0x00000000c0b53180,0x00000000c5580000)
 Metaspace       used 6278K, capacity 7064K, committed 7424K, reserved 1056768K
  class space    used 608K, capacity 656K, committed 768K, reserved 1048576K
Event: 1.621 GC heap after
Heap after GC invocations=4 (full 0):
 PSYoungGen      total 71680K, used 5112K [0x00000000eab00000, 0x00000000ef600000, 0x0000000100000000)
  eden space 66560K, 0% used [0x00000000eab00000,0x00000000eab00000,0x00000000eec00000)
  from space 5120K, 99% used [0x00000000ef100000,0x00000000ef5fe0c0,0x00000000ef600000)
  to   space 5120K, 0% used [0x00000000eec00000,0x00000000eec00000,0x00000000ef100000)
 ParOldGen       total 87552K, used 19195K [0x00000000c0000000, 0x00000000c5580000, 0x00000000eab00000)
  object space 87552K, 21% used [0x00000000c0000000,0x00000000c12bec38,0x00000000c5580000)
 Metaspace       used 6278K, capacity 7064K, committed 7424K, reserved 1056768K
  class space    used 608K, capacity 656K, committed 768K, reserved 1048576K
}
Event: 1.976 GC heap before
{Heap before GC invocations=5 (full 0):
 PSYoungGen      total 71680K, used 71672K [0x00000000eab00000, 0x00000000ef600000, 0x0000000100000000)
  eden space 66560K, 100% used [0x00000000eab00000,0x00000000eec00000,0x00000000eec00000)
  from space 5120K, 99% used [0x00000000ef100000,0x00000000ef5fe0c0,0x00000000ef600000)
  to   space 5120K, 0% used [0x00000000eec00000,0x00000000eec00000,0x00000000ef100000)
 ParOldGen       total 87552K, used 19195K [0x00000000c0000000, 0x00000000c5580000, 0x00000000eab00000)
  object space 87552K, 21% used [0x00000000c0000000,0x00000000c12bec38,0x00000000c5580000)
 Metaspace       used 6317K, capacity 7128K, committed 7424K, reserved 1056768K
  class space    used 608K, capacity 656K, committed 768K, reserved 1048576K
Event: 2.014 GC heap after
Heap after GC invocations=5 (full 0):
 PSYoungGen      total 71680K, used 5100K [0x00000000eab00000, 0x00000000ef600000, 0x0000000100000000)
  eden space 66560K, 0% used [0x00000000eab00000,0x00000000eab00000,0x00000000eec00000)
  from space 5120K, 99% used [0x00000000eec00000,0x00000000ef0fb330,0x00000000ef100000)
  to   space 5120K, 0% used [0x00000000ef100000,0x00000000ef100000,0x00000000ef600000)
 ParOldGen       total 87552K, used 34249K [0x00000000c0000000, 0x00000000c5580000, 0x00000000eab00000)
  object space 87552K, 39% used [0x00000000c0000000,0x00000000c2172788,0x00000000c5580000)
 Metaspace       used 6317K, capacity 7128K, committed 7424K, reserved 1056768K
  class space    used 608K, capacity 656K, committed 768K, reserved 1048576K
}
Event: 2.288 GC heap before
{Heap before GC invocations=6 (full 0):
 PSYoungGen      total 71680K, used 71660K [0x00000000eab00000, 0x00000000ef600000, 0x0000000100000000)
  eden space 66560K, 100% used [0x00000000eab00000,0x00000000eec00000,0x00000000eec00000)
  from space 5120K, 99% used [0x00000000eec00000,0x00000000ef0fb330,0x00000000ef100000)
  to   space 5120K, 0% used [0x00000000ef100000,0x00000000ef100000,0x00000000ef600000)
 ParOldGen       total 87552K, used 34249K [0x00000000c0000000, 0x00000000c5580000, 0x00000000eab00000)
  object space 87552K, 39% used [0x00000000c0000000,0x00000000c2172788,0x00000000c5580000)
 Metaspace       used 6356K, capacity 7128K, committed 7424K, reserved 1056768K
  class space    used 608K, capacity 656K, committed 768K, reserved 1048576K
Event: 2.329 GC heap after
Heap after GC invocations=6 (full 0):
 PSYoungGen      total 71680K, used 5106K [0x00000000eab00000, 0x00000000ef600000, 0x0000000100000000)
  eden space 66560K, 0% used [0x00000000eab00000,0x00000000eab00000,0x00000000eec00000)
  from space 5120K, 99% used [0x00000000ef100000,0x00000000ef5fc898,0x00000000ef600000)
  to   space 5120K, 0% used [0x00000000eec00000,0x00000000eec00000,0x00000000ef100000)
 ParOldGen       total 87552K, used 49547K [0x00000000c0000000, 0x00000000c5580000, 0x00000000eab00000)
  object space 87552K, 56% used [0x00000000c0000000,0x00000000c3062f88,0x00000000c5580000)
 Metaspace       used 6356K, capacity 7128K, committed 7424K, reserved 1056768K
  class space    used 608K, capacity 656K, committed 768K, reserved 1048576K
}
Event: 2.681 GC heap before
{Heap before GC invocations=7 (full 0):
 PSYoungGen      total 71680K, used 71666K [0x00000000eab00000, 0x00000000ef600000, 0x0000000100000000)
  eden space 66560K, 100% used [0x00000000eab00000,0x00000000eec00000,0x00000000eec00000)
  from space 5120K, 99% used [0x00000000ef100000,0x00000000ef5fc898,0x00000000ef600000)
  to   space 5120K, 0% used [0x00000000eec00000,0x00000000eec00000,0x00000000ef100000)
 ParOldGen       total 87552K, used 49547K [0x00000000c0000000, 0x00000000c5580000, 0x00000000eab00000)
  object space 87552K, 56% used [0x00000000c0000000,0x00000000c3062f88,0x00000000c5580000)
 Metaspace       used 6473K, capacity 7128K, committed 7424K, reserved 1056768K
  class space    used 627K, capacity 656K, committed 768K, reserved 1048576K
Event: 2.710 GC heap after
Heap after GC invocations=7 (full 0):
 PSYoungGen      total 71680K, used 5104K [0x00000000eab00000, 0x00000000ef600000, 0x0000000100000000)
  eden space 66560K, 0% used [0x00000000eab00000,0x00000000eab00000,0x00000000eec00000)
  from space 5120K, 99% used [0x00000000eec00000,0x00000000ef0fc340,0x00000000ef100000)
  to   space 5120K, 0% used [0x00000000ef100000,0x00000000ef100000,0x00000000ef600000)
 ParOldGen       total 87552K, used 61117K [0x00000000c0000000, 0x00000000c5580000, 0x00000000eab00000)
  object space 87552K, 69% used [0x00000000c0000000,0x00000000c3baf4d0,0x00000000c5580000)
 Metaspace       used 6473K, capacity 7128K, committed 7424K, reserved 1056768K
  class space    used 627K, capacity 656K, committed 768K, reserved 1048576K
}

Deoptimization events (10 events):
Event: 3.006 Thread 0x00000000178ab800 Uncommon trap: reason=unstable_if action=reinterpret pc=0x0000000002e5f37c method=com.android.dx.ssa.NormalSsaInsn.getLocalAssignment()Lcom/android/dx/rop/code/RegisterSpec; @ 47
Event: 3.007 Thread 0x00000000178ab800 Uncommon trap: reason=unstable_if action=reinterpret pc=0x0000000002ff9198 method=com.android.dx.ssa.LiteralOpUpgrader$1.visitNonMoveInsn(Lcom/android/dx/ssa/NormalSsaInsn;)V @ 151
Event: 3.008 Thread 0x00000000178ab800 Uncommon trap: reason=class_check action=maybe_recompile pc=0x00000000030c2f24 method=com.android.dx.ssa.SsaMethod.mapRegisters(Lcom/android/dx/ssa/RegisterMapper;)V @ 53
Event: 3.010 Thread 0x00000000178ab800 Uncommon trap: reason=unstable_if action=reinterpret pc=0x000000000323b97c method=com.android.dx.dex.code.RopTranslator.getRegs(Lcom/android/dx/rop/code/Insn;Lcom/android/dx/rop/code/RegisterSpec;)Lcom/android/dx/rop/code/RegisterSpecList; @ 12
Event: 3.012 Thread 0x000000000118e000 Uncommon trap: reason=null_check action=make_not_entrant pc=0x0000000002dc7320 method=com.android.dx.rop.type.Type.equals(Ljava/lang/Object;)Z @ 8
Event: 3.016 Thread 0x00000000178ab800 Uncommon trap: reason=class_check action=maybe_recompile pc=0x0000000002eae00c method=com.android.dx.ssa.NormalSsaInsn.accept(Lcom/android/dx/ssa/SsaInsn$Visitor;)V @ 9
Event: 3.017 Thread 0x00000000178ab800 Uncommon trap: reason=class_check action=maybe_recompile pc=0x0000000002eae00c method=com.android.dx.ssa.NormalSsaInsn.accept(Lcom/android/dx/ssa/SsaInsn$Visitor;)V @ 9
Event: 3.017 Thread 0x00000000178ab800 Uncommon trap: reason=class_check action=maybe_recompile pc=0x0000000002eae00c method=com.android.dx.ssa.NormalSsaInsn.accept(Lcom/android/dx/ssa/SsaInsn$Visitor;)V @ 9
Event: 3.017 Thread 0x00000000178ab800 Uncommon trap: reason=class_check action=maybe_recompile pc=0x0000000002db10d4 method=com.android.dx.ssa.NormalSsaInsn.accept(Lcom/android/dx/ssa/SsaInsn$Visitor;)V @ 9
Event: 3.018 Thread 0x00000000178ab800 Uncommon trap: reason=class_check action=maybe_recompile pc=0x0000000002d861b0 method=com.android.dx.ssa.NormalSsaInsn.accept(Lcom/android/dx/ssa/SsaInsn$Visitor;)V @ 9

Internal exceptions (7 events):
Event: 0.044 Thread 0x000000000118e000 Exception <a 'java/lang/NoSuchMethodError': Method sun.misc.Unsafe.defineClass(Ljava/lang/String;[BII)Ljava/lang/Class; name or signature does not match> (0x00000000eab07ca8) thrown at [C:\re\workspace\8-2-build-windows-amd64-cygwin\jdk8u121\8372\hotspot\
Event: 0.044 Thread 0x000000000118e000 Exception <a 'java/lang/NoSuchMethodError': Method sun.misc.Unsafe.prefetchRead(Ljava/lang/Object;J)V name or signature does not match> (0x00000000eab07f90) thrown at [C:\re\workspace\8-2-build-windows-amd64-cygwin\jdk8u121\8372\hotspot\src\share\vm\prims
Event: 0.104 Thread 0x000000000118e000 Exception <a 'java/io/FileNotFoundException'> (0x00000000eab5eb18) thrown at [C:\re\workspace\8-2-build-windows-amd64-cygwin\jdk8u121\8372\hotspot\src\share\vm\prims\jni.cpp, line 709]
Event: 2.489 Thread 0x000000000118e000 Exception <a 'java/lang/ArrayIndexOutOfBoundsException': 18> (0x00000000eca68860) thrown at [C:\re\workspace\8-2-build-windows-amd64-cygwin\jdk8u121\8372\hotspot\src\share\vm\interpreter\interpreterRuntime.cpp, line 366]
Event: 2.490 Thread 0x000000000118e000 Exception <a 'java/lang/ArrayIndexOutOfBoundsException': 145> (0x00000000eca6a3e0) thrown at [C:\re\workspace\8-2-build-windows-amd64-cygwin\jdk8u121\8372\hotspot\src\share\vm\interpreter\interpreterRuntime.cpp, line 366]
Event: 2.491 Thread 0x000000000118e000 Exception <a 'java/lang/ArrayIndexOutOfBoundsException'> (0x00000000eca6b6c8) thrown at [C:\re\workspace\8-2-build-windows-amd64-cygwin\jdk8u121\8372\hotspot\src\share\vm\runtime\sharedRuntime.cpp, line 605]
Event: 3.012 Thread 0x000000000118e000 Implicit null exception at 0x0000000002dc7222 to 0x0000000002dc7312

Events (10 events):
Event: 3.017 Thread 0x00000000178ab800 DEOPT UNPACKING pc=0x0000000002ba582a sp=0x0000000018dee090 mode 2
Event: 3.017 Thread 0x00000000178ab800 Uncommon trap: trap_request=0xffffffde fr.pc=0x0000000002eae00c
Event: 3.017 Thread 0x00000000178ab800 DEOPT PACKING pc=0x0000000002eae00c sp=0x0000000018dee1a0
Event: 3.017 Thread 0x00000000178ab800 DEOPT UNPACKING pc=0x0000000002ba582a sp=0x0000000018dee0b0 mode 2
Event: 3.017 Thread 0x00000000178ab800 Uncommon trap: trap_request=0xffffffde fr.pc=0x0000000002db10d4
Event: 3.017 Thread 0x00000000178ab800 DEOPT PACKING pc=0x0000000002db10d4 sp=0x0000000018dee4d0
Event: 3.017 Thread 0x00000000178ab800 DEOPT UNPACKING pc=0x0000000002ba582a sp=0x0000000018dee420 mode 2
Event: 3.017 Thread 0x00000000178ab800 Uncommon trap: trap_request=0xffffffde fr.pc=0x0000000002d861b0
Event: 3.018 Thread 0x00000000178ab800 DEOPT PACKING pc=0x0000000002d861b0 sp=0x0000000018dee510
Event: 3.018 Thread 0x00000000178ab800 DEOPT UNPACKING pc=0x0000000002ba582a sp=0x0000000018dee4b0 mode 2


Dynamic libraries:
0x00007ff70dfe0000 - 0x00007ff70e017000 	C:\Program Files\Java\jdk1.8.0_121\bin\java.exe
0x00007ffcbfe80000 - 0x00007ffcc0061000 	C:\WINDOWS\SYSTEM32\ntdll.dll
0x00007ffcbd310000 - 0x00007ffcbd3c2000 	C:\WINDOWS\System32\KERNEL32.DLL
0x00007ffcbc250000 - 0x00007ffcbc4c3000 	C:\WINDOWS\System32\KERNELBASE.dll
0x00007ffcbd810000 - 0x00007ffcbd8b1000 	C:\WINDOWS\System32\ADVAPI32.dll
0x00007ffcbf4e0000 - 0x00007ffcbf57e000 	C:\WINDOWS\System32\msvcrt.dll
0x00007ffcbdb80000 - 0x00007ffcbdbdb000 	C:\WINDOWS\System32\sechost.dll
0x00007ffcbf580000 - 0x00007ffcbf6a4000 	C:\WINDOWS\System32\RPCRT4.dll
0x00007ffcbd3d0000 - 0x00007ffcbd560000 	C:\WINDOWS\System32\USER32.dll
0x00007ffcbc660000 - 0x00007ffcbc680000 	C:\WINDOWS\System32\win32u.dll
0x00007ffcbd640000 - 0x00007ffcbd668000 	C:\WINDOWS\System32\GDI32.dll
0x00007ffcbc910000 - 0x00007ffcbcaa2000 	C:\WINDOWS\System32\gdi32full.dll
0x00007ffcbc680000 - 0x00007ffcbc71f000 	C:\WINDOWS\System32\msvcp_win.dll
0x00007ffcbcb00000 - 0x00007ffcbcbfa000 	C:\WINDOWS\System32\ucrtbase.dll
0x00007ffcafb40000 - 0x00007ffcafda9000 	C:\WINDOWS\WinSxS\amd64_microsoft.windows.common-controls_6595b64144ccf1df_6.0.17134.112_none_fb3f961b30681c12\COMCTL32.dll
0x00007ffcbfb00000 - 0x00007ffcbfe23000 	C:\WINDOWS\System32\combase.dll
0x00007ffcbc580000 - 0x00007ffcbc5fa000 	C:\WINDOWS\System32\bcryptPrimitives.dll
0x00007ffcbdb50000 - 0x00007ffcbdb7d000 	C:\WINDOWS\System32\IMM32.DLL
0x0000000061ee0000 - 0x0000000061fb2000 	C:\Program Files\Java\jdk1.8.0_121\jre\bin\msvcr100.dll
0x0000000061640000 - 0x0000000061edb000 	C:\Program Files\Java\jdk1.8.0_121\jre\bin\server\jvm.dll
0x00007ffcbdbe0000 - 0x00007ffcbdbe8000 	C:\WINDOWS\System32\PSAPI.DLL
0x00007ffcb2720000 - 0x00007ffcb2729000 	C:\WINDOWS\SYSTEM32\WSOCK32.dll
0x00007ffcb6580000 - 0x00007ffcb658a000 	C:\WINDOWS\SYSTEM32\VERSION.dll
0x00007ffcba220000 - 0x00007ffcba243000 	C:\WINDOWS\SYSTEM32\WINMM.dll
0x00007ffcbf190000 - 0x00007ffcbf1fc000 	C:\WINDOWS\System32\WS2_32.dll
0x00007ffcb9eb0000 - 0x00007ffcb9eda000 	C:\WINDOWS\SYSTEM32\winmmbase.dll
0x00007ffcbcab0000 - 0x00007ffcbcaf9000 	C:\WINDOWS\System32\cfgmgr32.dll
0x0000000061630000 - 0x000000006163f000 	C:\Program Files\Java\jdk1.8.0_121\jre\bin\verify.dll
0x0000000061600000 - 0x0000000061629000 	C:\Program Files\Java\jdk1.8.0_121\jre\bin\java.dll
0x00000000615e0000 - 0x00000000615f6000 	C:\Program Files\Java\jdk1.8.0_121\jre\bin\zip.dll
0x00007ffcbdbf0000 - 0x00007ffcbf030000 	C:\WINDOWS\System32\SHELL32.dll
0x00007ffcbd760000 - 0x00007ffcbd809000 	C:\WINDOWS\System32\shcore.dll
0x00007ffcbcc00000 - 0x00007ffcbd30d000 	C:\WINDOWS\System32\windows.storage.dll
0x00007ffcbf0d0000 - 0x00007ffcbf121000 	C:\WINDOWS\System32\shlwapi.dll
0x00007ffcbc190000 - 0x00007ffcbc1a1000 	C:\WINDOWS\System32\kernel.appcore.dll
0x00007ffcbc220000 - 0x00007ffcbc23f000 	C:\WINDOWS\System32\profapi.dll
0x00007ffcbc1d0000 - 0x00007ffcbc21c000 	C:\WINDOWS\System32\powrprof.dll
0x00007ffcbc240000 - 0x00007ffcbc24a000 	C:\WINDOWS\System32\FLTLIB.DLL

VM Arguments:
jvm_args: -Xmx1G 
java_command: C:\Program Files (x86)\Android\android-sdk\build-tools\25.0.3\\lib\dx.jar --dex --no-strict --output obj\Debug\android\bin C:\Users\Maks\source\repos\AndroidJakDojadevol1\AndroidJakDojadevol1\obj\Debug\android\bin\classes.zip C:\Program Files (x86)\Microsoft Visual Studio\2017\Community\Common7\IDE\ReferenceAssemblies\Microsoft\Framework\MonoAndroid\v8.1\mono.android.jar obj\Debug\lp\1\jl\formsviewgroup.jar obj\Debug\lp\10\jl\bin\classes.jar obj\Debug\lp\11\jl\bin\classes.jar obj\Debug\lp\12\jl\bin\classes.jar obj\Debug\lp\13\jl\bin\classes.jar obj\Debug\lp\14\jl\bin\classes.jar obj\Debug\lp\15\jl\bin\classes.jar obj\Debug\lp\16\jl\bin\classes.jar obj\Debug\lp\17\jl\bin\classes.jar obj\Debug\lp\18\jl\bin\classes.jar obj\Debug\lp\19\jl\bin\classes.jar obj\Debug\lp\2\jl\arch-core-common.jar obj\Debug\lp\20\jl\bin\classes.jar obj\Debug\lp\27\jl\classes.jar obj\Debug\lp\28\jl\classes.jar obj\Debug\lp\29\jl\classes.jar obj\Debug\lp\3\jl\arch-lifecycle-common.jar obj\Debug\lp\30\jl\classes.jar obj\Debug\lp\4\jl\bin\classes.jar obj\Debug\lp\5\jl\bin\classes.jar obj\Debug\lp\7\jl\bin\classes.jar obj\Debug\lp\8\jl\bin\classes.jar obj\Debug\lp\9\jl\bin\classes.jar
java_class_path (initial): C:\Program Files (x86)\Android\android-sdk\build-tools\25.0.3\\lib\dx.jar
Launcher Type: SUN_STANDARD

Environment Variables:
JAVA_HOME=C:\Program Files\Java\jdk1.8.0_121
PATH=C:\Program Files\Java\jdk1.8.0_121\bin;C:\ProgramData\Oracle\Java\javapath;C:\WINDOWS\system32;C:\WINDOWS;C:\WINDOWS\System32\Wbem;C:\WINDOWS\System32\WindowsPowerShell\v1.0\;C:\Program Files (x86)\ATI Technologies\ATI.ACE\Core-Static;C:\Program Files\Predictive Solutions\PS IMAGO\4\Process;C:\Program Files (x86)\GtkSharp\2.12\bin;C:\Program Files\nodejs\;C:\WINDOWS\System32\OpenSSH\;C:\Program Files\dotnet\;C:\Program Files\MiKTeX 2.9\miktex\bin\x64\;C:\Users\Maks\AppData\Local\Microsoft\WindowsApps;C:\Users\Maks\AppData\Roaming\npm;
USERNAME=Maks
OS=Windows_NT
PROCESSOR_IDENTIFIER=Intel64 Family 6 Model 42 Stepping 7, GenuineIntel



---------------  S Y S T E M  ---------------

OS: Windows 10.0 , 64 bit Build 17134 (10.0.17134.1)

CPU:total 8 (4 cores per cpu, 2 threads per core) family 6 model 42 stepping 7, cmov, cx8, fxsr, mmx, sse, sse2, sse3, ssse3, sse4.1, sse4.2, popcnt, avx, aes, clmul, ht, tsc, tscinvbit

Memory: 4k page, physical 8335048k(2066132k free), swap 12048180k(4044k free)

vm_info: Java HotSpot(TM) 64-Bit Server VM (25.121-b13) for windows-amd64 JRE (1.8.0_121-b13), built on Dec 12 2016 18:21:36 by "java_re" with MS VC++ 10.0 (VS2010)

time: Thu Jul 05 01:12:22 2018
elapsed time: 3 seconds (0d 0h 0m 3s)

